/*C2*/SET SCHEMA PUBLIC
DELETE FROM "mendixsystem$version" WHERE "versionnumber"='4.2'
INSERT INTO "mendixsystem$version" VALUES('4.2','2023-04-14 11:57:40.700000','4.1.0','unversioned','Forum','9.24.0.2965')
COMMIT
DELETE FROM "mendixsystem$entityidentifier" WHERE "id"='d4154981-8dac-4150-aec5-efa3ef62a7a2'
INSERT INTO "mendixsystem$entityidentifier" VALUES('d4154981-8dac-4150-aec5-efa3ef62a7a2',3,6801)
COMMIT
INSERT INTO "system$xasinstance" VALUES(844424930989774,'d7246571-649c-4a30-81fc-1561a9c15f7d','2023-04-14 17:14:44.156000',NULL,NULL,NULL,'2023-04-14 17:14:44.147000')
COMMIT
DELETE FROM "system$userrole" WHERE "id"=11540474045137065
INSERT INTO "system$userrole" VALUES(11540474045137065,'8dd52bfa-6d7e-453b-b506-303c0a3d9567','Administrator','')
DELETE FROM "system$userrole" WHERE "id"=11540474045137174
INSERT INTO "system$userrole" VALUES(11540474045137174,'53f5d6fa-6da9-4a71-b011-454ec052cce8','User','')
COMMIT
DELETE FROM "mendixsystem$properties" WHERE "key"='Mendix.Runtime.DeploymentID'
INSERT INTO "mendixsystem$properties" VALUES('Mendix.Runtime.DeploymentID','638170712618310669')
COMMIT
DELETE FROM "system$session" WHERE "id"=6755399441887980
DELETE FROM "system$session_user" WHERE "system$sessionid"=6755399441887980 AND "system$userid"=281474977530091
COMMIT
DELETE FROM "mendixsystem$entityidentifier" WHERE "id"='c6c131c8-8779-4213-9b26-a64e141f26a8'
INSERT INTO "mendixsystem$entityidentifier" VALUES('c6c131c8-8779-4213-9b26-a64e141f26a8',15,11601)
COMMIT
ALTER SEQUENCE PUBLIC."system$queuedtask_sequence_mxseq" RESTART WITH 7320
INSERT INTO "system$queuedtask" VALUES(4222124652132052,7319,'Idle','59651013-f9bc-4fc1-b435-276439b07899','System.ScheduledEventsQueue','System',NULL,NULL,'ClusterManagement-PopulateFileDocumentSizes','[]',NULL,NULL,'2023-04-14 17:14:44.980000','2023-04-14 17:14:49.961000',NULL,0,'{"interval":3600000,"triesLeft":12,"type":"fixed"}',NULL,NULL)
COMMIT
DELETE FROM "system$queuedtask" WHERE "id"=4222124652120390
INSERT INTO "system$queuedtask" VALUES(4222124652120390,7303,'Idle','59651013-f9bc-4fc1-b435-276439b07899','System.ScheduledEventsQueue','ScheduledEvent',NULL,'MendixSSO.SE_DeleteExpiredAuthRequests',NULL,'{}',NULL,NULL,'2023-04-14 17:00:00.394000','2023-04-14 18:00:00.000000',NULL,0,NULL,'MendixSSO.DeleteExpiredAuthRequests',NULL)
DELETE FROM "system$queuedtask" WHERE "id"=4222124652120223
INSERT INTO "system$queuedtask" VALUES(4222124652120223,7302,'Idle','59651013-f9bc-4fc1-b435-276439b07899','System.ScheduledEventsQueue','ScheduledEvent',NULL,'MendixSSO.SE_DeleteExpiredTokens',NULL,'{}',NULL,NULL,'2023-04-14 17:00:00.394000','2023-04-14 18:00:00.000000',NULL,0,NULL,'MendixSSO.DeleteExpiredTokens',NULL)
DELETE FROM "system$queuedtask" WHERE "id"=4222124652121835
INSERT INTO "system$queuedtask" VALUES(4222124652121835,7314,'Idle','59651013-f9bc-4fc1-b435-276439b07899','System.ScheduledEventsQueue','ScheduledEvent',NULL,NULL,'ClusterManagement-CleanupOfflineGUIDs','[]',NULL,NULL,'2023-04-14 17:07:43.713000','2023-04-14 17:14:46.005000',NULL,0,NULL,'ClusterManagement-CleanupOfflineGUIDs',NULL)
DELETE FROM "system$queuedtask" WHERE "id"=4222124652121581
INSERT INTO "system$queuedtask" VALUES(4222124652121581,7312,'Idle','59651013-f9bc-4fc1-b435-276439b07899','System.ScheduledEventsQueue','ScheduledEvent',NULL,NULL,'ClusterManagement-CleanupOrphanedFiles','[]',NULL,NULL,'2023-04-14 17:06:03.969000','2023-04-14 17:18:06.004000',NULL,0,NULL,'ClusterManagement-CleanupOrphanedFiles',NULL)
DELETE FROM "system$queuedtask" WHERE "id"=4222124652121605
INSERT INTO "system$queuedtask" VALUES(4222124652121605,7315,'Idle','59651013-f9bc-4fc1-b435-276439b07899','System.ScheduledEventsQueue','ScheduledEvent',NULL,NULL,'ClusterManagement-CleanupBackgroundJobs','[]',NULL,NULL,'2023-04-14 17:07:43.713000','2023-04-14 17:14:46.003000',NULL,0,NULL,'ClusterManagement-CleanupBackgroundJobs',NULL)
DELETE FROM "system$queuedtask" WHERE "id"=4222124652122179
INSERT INTO "system$queuedtask" VALUES(4222124652122179,7317,'Idle','59651013-f9bc-4fc1-b435-276439b07899','System.ScheduledEventsQueue','ScheduledEvent',NULL,NULL,'ClusterManagement-CleanupTmpDocuments','[]',NULL,NULL,'2023-04-14 17:07:43.715000','2023-04-14 17:14:46.004000',NULL,0,NULL,'ClusterManagement-CleanupTmpDocuments',NULL)
DELETE FROM "system$queuedtask" WHERE "id"=4222124652121370
INSERT INTO "system$queuedtask" VALUES(4222124652121370,7311,'Idle','59651013-f9bc-4fc1-b435-276439b07899','System.ScheduledEventsQueue','ScheduledEvent',NULL,NULL,'ClusterManagement-MigrateOldFiles','[]',NULL,NULL,'2023-04-14 17:04:23.275000','2023-04-14 17:16:26.005000',NULL,0,NULL,'ClusterManagement-MigrateOldFiles',NULL)
DELETE FROM "system$queuedtask" WHERE "id"=4222124652121978
INSERT INTO "system$queuedtask" VALUES(4222124652121978,7313,'Idle','59651013-f9bc-4fc1-b435-276439b07899','System.ScheduledEventsQueue','ScheduledEvent',NULL,NULL,'ClusterManagement-CleanupOfflineSyncHistory','[]',NULL,NULL,'2023-04-14 17:07:43.713000','2023-04-14 17:14:46.005000',NULL,0,NULL,'ClusterManagement-CleanupOfflineSyncHistory',NULL)
DELETE FROM "system$queuedtask" WHERE "id"=4222124652122262
INSERT INTO "system$queuedtask" VALUES(4222124652122262,7318,'Idle','59651013-f9bc-4fc1-b435-276439b07899','System.ScheduledEventsQueue','ScheduledEvent',NULL,NULL,'ClusterManagement-UnblockUsers','[]',NULL,NULL,'2023-04-14 17:07:47.748000','2023-04-14 17:14:50.005000',NULL,0,NULL,'ClusterManagement-UnblockUsers',NULL)
DELETE FROM "system$queuedtask" WHERE "id"=4222124652122096
INSERT INTO "system$queuedtask" VALUES(4222124652122096,7316,'Idle','59651013-f9bc-4fc1-b435-276439b07899','System.ScheduledEventsQueue','ScheduledEvent',NULL,NULL,'ClusterManagement-CleanupSessions','[]',NULL,NULL,'2023-04-14 17:07:43.714000','2023-04-14 17:14:46.004000',NULL,0,NULL,'ClusterManagement-CleanupSessions',NULL)
COMMIT
DELETE FROM "system$xasinstance" WHERE "id"=844424930989774
INSERT INTO "system$xasinstance" VALUES(844424930989774,'d7246571-649c-4a30-81fc-1561a9c15f7d','2023-04-14 17:14:45.954000',NULL,NULL,NULL,'2023-04-14 17:14:44.147000')
COMMIT
/*C3*/SET SCHEMA PUBLIC
DELETE FROM "system$queuedtask" WHERE "id"=4222124652121978
DELETE FROM "system$queuedtask" WHERE "id"=4222124652121835
DELETE FROM "system$queuedtask" WHERE "id"=4222124652121605
DELETE FROM "system$queuedtask" WHERE "id"=4222124652122096
DELETE FROM "system$queuedtask" WHERE "id"=4222124652122179
INSERT INTO "system$queuedtask" VALUES(4222124652121978,7313,'Running','59651013-f9bc-4fc1-b435-276439b07899','System.ScheduledEventsQueue','ScheduledEvent',NULL,NULL,'ClusterManagement-CleanupOfflineSyncHistory','[]','d7246571-649c-4a30-81fc-1561a9c15f7d',33,'2023-04-14 17:07:43.713000','2023-04-14 17:14:46.005000','2023-04-14 17:14:46.136000',0,NULL,'ClusterManagement-CleanupOfflineSyncHistory',NULL)
INSERT INTO "system$queuedtask" VALUES(4222124652121835,7314,'Running','59651013-f9bc-4fc1-b435-276439b07899','System.ScheduledEventsQueue','ScheduledEvent',NULL,NULL,'ClusterManagement-CleanupOfflineGUIDs','[]','d7246571-649c-4a30-81fc-1561a9c15f7d',33,'2023-04-14 17:07:43.713000','2023-04-14 17:14:46.005000','2023-04-14 17:14:46.140000',0,NULL,'ClusterManagement-CleanupOfflineGUIDs',NULL)
INSERT INTO "system$queuedtask" VALUES(4222124652121605,7315,'Running','59651013-f9bc-4fc1-b435-276439b07899','System.ScheduledEventsQueue','ScheduledEvent',NULL,NULL,'ClusterManagement-CleanupBackgroundJobs','[]','d7246571-649c-4a30-81fc-1561a9c15f7d',33,'2023-04-14 17:07:43.713000','2023-04-14 17:14:46.003000','2023-04-14 17:14:46.141000',0,NULL,'ClusterManagement-CleanupBackgroundJobs',NULL)
INSERT INTO "system$queuedtask" VALUES(4222124652122096,7316,'Running','59651013-f9bc-4fc1-b435-276439b07899','System.ScheduledEventsQueue','ScheduledEvent',NULL,NULL,'ClusterManagement-CleanupSessions','[]','d7246571-649c-4a30-81fc-1561a9c15f7d',33,'2023-04-14 17:07:43.714000','2023-04-14 17:14:46.004000','2023-04-14 17:14:46.143000',0,NULL,'ClusterManagement-CleanupSessions',NULL)
INSERT INTO "system$queuedtask" VALUES(4222124652122179,7317,'Running','59651013-f9bc-4fc1-b435-276439b07899','System.ScheduledEventsQueue','ScheduledEvent',NULL,NULL,'ClusterManagement-CleanupTmpDocuments','[]','d7246571-649c-4a30-81fc-1561a9c15f7d',33,'2023-04-14 17:07:43.715000','2023-04-14 17:14:46.004000','2023-04-14 17:14:46.145000',0,NULL,'ClusterManagement-CleanupTmpDocuments',NULL)
COMMIT
ALTER SEQUENCE PUBLIC."system$queuedtask_sequence_mxseq" RESTART WITH 7323
/*C4*/SET SCHEMA PUBLIC
ALTER SEQUENCE PUBLIC."system$queuedtask_sequence_mxseq" RESTART WITH 7323
/*C5*/SET SCHEMA PUBLIC
DELETE FROM "mendixsystem$entityidentifier" WHERE "id"='eb5c32a1-85ec-49d1-8bca-ecca779cd539'
INSERT INTO "mendixsystem$entityidentifier" VALUES('eb5c32a1-85ec-49d1-8bca-ecca779cd539',56,11601)
COMMIT
/*C6*/SET SCHEMA PUBLIC
ALTER SEQUENCE PUBLIC."system$queuedtask_sequence_mxseq" RESTART WITH 7324
ALTER SEQUENCE PUBLIC."system$queuedtask_sequence_mxseq" RESTART WITH 7325
/*C4*/INSERT INTO "system$queuedtask" VALUES(4222124652132163,7320,'Idle','59651013-f9bc-4fc1-b435-276439b07899','System.ScheduledEventsQueue','ScheduledEvent',NULL,NULL,'ClusterManagement-CleanupBackgroundJobs','[]',NULL,NULL,'2023-04-14 17:14:46.190000','2023-04-14 17:19:46.003000',NULL,0,NULL,'ClusterManagement-CleanupBackgroundJobs',NULL)
INSERT INTO "system$processedqueuetask" VALUES(15762598697269027,7315,'Completed','59651013-f9bc-4fc1-b435-276439b07899','System.ScheduledEventsQueue','ScheduledEvent',NULL,NULL,'ClusterManagement-CleanupBackgroundJobs','[]','d7246571-649c-4a30-81fc-1561a9c15f7d',33,'2023-04-14 17:07:43.713000','2023-04-14 17:14:46.003000','2023-04-14 17:14:46.141000','2023-04-14 17:14:46.207000',66,0,NULL,'ClusterManagement-CleanupBackgroundJobs',NULL)
DELETE FROM "system$queuedtask" WHERE "id"=4222124652121605
COMMIT
/*C3*/INSERT INTO "system$queuedtask" VALUES(4222124652132349,7321,'Idle','59651013-f9bc-4fc1-b435-276439b07899','System.ScheduledEventsQueue','ScheduledEvent',NULL,NULL,'ClusterManagement-CleanupOfflineSyncHistory','[]',NULL,NULL,'2023-04-14 17:14:46.194000','2023-04-14 17:19:46.005000',NULL,0,NULL,'ClusterManagement-CleanupOfflineSyncHistory',NULL)
INSERT INTO "system$processedqueuetask" VALUES(15762598697269133,7313,'Completed','59651013-f9bc-4fc1-b435-276439b07899','System.ScheduledEventsQueue','ScheduledEvent',NULL,NULL,'ClusterManagement-CleanupOfflineSyncHistory','[]','d7246571-649c-4a30-81fc-1561a9c15f7d',33,'2023-04-14 17:07:43.713000','2023-04-14 17:14:46.005000','2023-04-14 17:14:46.136000','2023-04-14 17:14:46.209000',73,0,NULL,'ClusterManagement-CleanupOfflineSyncHistory',NULL)
DELETE FROM "system$queuedtask" WHERE "id"=4222124652121978
COMMIT
/*C2*/INSERT INTO "system$queuedtask" VALUES(4222124652132415,7322,'Idle','59651013-f9bc-4fc1-b435-276439b07899','System.ScheduledEventsQueue','ScheduledEvent',NULL,NULL,'ClusterManagement-CleanupOfflineGUIDs','[]',NULL,NULL,'2023-04-14 17:14:46.192000','2023-04-14 17:19:46.005000',NULL,0,NULL,'ClusterManagement-CleanupOfflineGUIDs',NULL)
INSERT INTO "system$processedqueuetask" VALUES(15762598697268944,7314,'Completed','59651013-f9bc-4fc1-b435-276439b07899','System.ScheduledEventsQueue','ScheduledEvent',NULL,NULL,'ClusterManagement-CleanupOfflineGUIDs','[]','d7246571-649c-4a30-81fc-1561a9c15f7d',33,'2023-04-14 17:07:43.713000','2023-04-14 17:14:46.005000','2023-04-14 17:14:46.140000','2023-04-14 17:14:46.207000',67,0,NULL,'ClusterManagement-CleanupOfflineGUIDs',NULL)
DELETE FROM "system$queuedtask" WHERE "id"=4222124652121835
COMMIT
/*C5*/INSERT INTO "system$queuedtask" VALUES(4222124652132523,7323,'Idle','59651013-f9bc-4fc1-b435-276439b07899','System.ScheduledEventsQueue','ScheduledEvent',NULL,NULL,'ClusterManagement-CleanupTmpDocuments','[]',NULL,NULL,'2023-04-14 17:14:46.206000','2023-04-14 17:19:46.004000',NULL,0,NULL,'ClusterManagement-CleanupTmpDocuments',NULL)
INSERT INTO "system$processedqueuetask" VALUES(15762598697269328,7317,'Completed','59651013-f9bc-4fc1-b435-276439b07899','System.ScheduledEventsQueue','ScheduledEvent',NULL,NULL,'ClusterManagement-CleanupTmpDocuments','[]','d7246571-649c-4a30-81fc-1561a9c15f7d',33,'2023-04-14 17:07:43.715000','2023-04-14 17:14:46.004000','2023-04-14 17:14:46.145000','2023-04-14 17:14:46.209000',64,0,NULL,'ClusterManagement-CleanupTmpDocuments',NULL)
DELETE FROM "system$queuedtask" WHERE "id"=4222124652122179
COMMIT
/*C6*/INSERT INTO "system$queuedtask" VALUES(4222124652132670,7324,'Idle','59651013-f9bc-4fc1-b435-276439b07899','System.ScheduledEventsQueue','ScheduledEvent',NULL,NULL,'ClusterManagement-CleanupSessions','[]',NULL,NULL,'2023-04-14 17:14:46.226000','2023-04-14 17:19:46.004000',NULL,0,NULL,'ClusterManagement-CleanupSessions',NULL)
INSERT INTO "system$processedqueuetask" VALUES(15762598697269486,7316,'Completed','59651013-f9bc-4fc1-b435-276439b07899','System.ScheduledEventsQueue','ScheduledEvent',NULL,NULL,'ClusterManagement-CleanupSessions','[]','d7246571-649c-4a30-81fc-1561a9c15f7d',33,'2023-04-14 17:07:43.714000','2023-04-14 17:14:46.004000','2023-04-14 17:14:46.143000','2023-04-14 17:14:46.229000',86,0,NULL,'ClusterManagement-CleanupSessions',NULL)
DELETE FROM "system$queuedtask" WHERE "id"=4222124652122096
COMMIT
DELETE FROM "mendixsystem$entityidentifier" WHERE "id"='282e2e60-88a5-469d-84a5-ba8d9151644f'
INSERT INTO "mendixsystem$entityidentifier" VALUES('282e2e60-88a5-469d-84a5-ba8d9151644f',1,6601)
COMMIT
INSERT INTO "system$user" VALUES(281474977542835,'Anonymous_fdc4a2b4-d158-4b9f-aa54-32a955f19a44','{BCrypt}$2a$10$UqGMjZaB9JLomnu9TJDzhuFPBC6e4M8ONyaaRHyXWq3aIjh1NTia.','2023-04-14 17:14:47.541000',FALSE,NULL,TRUE,0,FALSE,TRUE,'2023-04-14 17:14:47.451000','2023-04-14 17:14:47.451000','System.User',NULL,281474977542835)
INSERT INTO "system$userroles" VALUES(281474977542835,11540474045137065)
INSERT INTO "system$user_language" VALUES(281474977542835,16888498602639518)
COMMIT
DELETE FROM "system$user" WHERE "id"=281474977542835
INSERT INTO "system$user" VALUES(281474977542835,'Anonymous_fdc4a2b4-d158-4b9f-aa54-32a955f19a44','{BCrypt}$2a$10$UqGMjZaB9JLomnu9TJDzhuFPBC6e4M8ONyaaRHyXWq3aIjh1NTia.','2023-04-14 17:14:47.576000',FALSE,NULL,TRUE,0,FALSE,TRUE,'2023-04-14 17:14:47.451000','2023-04-14 17:14:47.451000','System.User',NULL,281474977542835)
COMMIT
/*C5*/DELETE FROM "mendixsystem$entityidentifier" WHERE "id"='37f9fd49-5318-4c63-9a51-f761779b202f'
INSERT INTO "mendixsystem$entityidentifier" VALUES('37f9fd49-5318-4c63-9a51-f761779b202f',24,6701)
COMMIT
INSERT INTO "system$session" VALUES(6755399441900676,'fd3c6c4d-137c-47a2-8d63-729733556e14','2de3d829-2fc1-446b-a5a4-e49778a623ea','2023-04-14 17:14:47.615000',FALSE,'2c4d725e-ae75-43e1-9417-7c63fbdc44fb',NULL,'2023-04-14 17:14:47.614000')
INSERT INTO "system$session_user" VALUES(6755399441900676,281474977542835)
COMMIT
DELETE FROM "system$session" WHERE "id"=6755399441900676
INSERT INTO "system$session" VALUES(6755399441900676,'fd3c6c4d-137c-47a2-8d63-729733556e14','2de3d829-2fc1-446b-a5a4-e49778a623ea','2023-04-14 17:14:47.624000',FALSE,'2c4d725e-ae75-43e1-9417-7c63fbdc44fb',NULL,'2023-04-14 17:14:47.614000')
COMMIT
DELETE FROM "system$queuedtask" WHERE "id"=4222124652122262
DELETE FROM "system$queuedtask" WHERE "id"=4222124652132052
INSERT INTO "system$queuedtask" VALUES(4222124652122262,7318,'Running','59651013-f9bc-4fc1-b435-276439b07899','System.ScheduledEventsQueue','ScheduledEvent',NULL,NULL,'ClusterManagement-UnblockUsers','[]','d7246571-649c-4a30-81fc-1561a9c15f7d',33,'2023-04-14 17:07:47.748000','2023-04-14 17:14:50.005000','2023-04-14 17:14:50.319000',0,NULL,'ClusterManagement-UnblockUsers',NULL)
INSERT INTO "system$queuedtask" VALUES(4222124652132052,7319,'Running','59651013-f9bc-4fc1-b435-276439b07899','System.ScheduledEventsQueue','System',NULL,NULL,'ClusterManagement-PopulateFileDocumentSizes','[]','d7246571-649c-4a30-81fc-1561a9c15f7d',33,'2023-04-14 17:14:44.980000','2023-04-14 17:14:49.961000','2023-04-14 17:14:50.321000',0,'{"interval":3600000,"triesLeft":12,"type":"fixed"}',NULL,NULL)
COMMIT
ALTER SEQUENCE PUBLIC."system$queuedtask_sequence_mxseq" RESTART WITH 7326
INSERT INTO "system$queuedtask" VALUES(4222124652132756,7325,'Idle','59651013-f9bc-4fc1-b435-276439b07899','System.ScheduledEventsQueue','ScheduledEvent',NULL,NULL,'ClusterManagement-UnblockUsers','[]',NULL,NULL,'2023-04-14 17:14:50.342000','2023-04-14 17:19:50.005000',NULL,0,NULL,'ClusterManagement-UnblockUsers',NULL)
INSERT INTO "system$processedqueuetask" VALUES(15762598697269614,7318,'Completed','59651013-f9bc-4fc1-b435-276439b07899','System.ScheduledEventsQueue','ScheduledEvent',NULL,NULL,'ClusterManagement-UnblockUsers','[]','d7246571-649c-4a30-81fc-1561a9c15f7d',33,'2023-04-14 17:07:47.748000','2023-04-14 17:14:50.005000','2023-04-14 17:14:50.319000','2023-04-14 17:14:50.344000',25,0,NULL,'ClusterManagement-UnblockUsers',NULL)
DELETE FROM "system$queuedtask" WHERE "id"=4222124652122262
COMMIT
/*C4*/INSERT INTO "system$processedqueuetask" VALUES(15762598697269699,7319,'Completed','59651013-f9bc-4fc1-b435-276439b07899','System.ScheduledEventsQueue','System',NULL,NULL,'ClusterManagement-PopulateFileDocumentSizes','[]','d7246571-649c-4a30-81fc-1561a9c15f7d',33,'2023-04-14 17:14:44.980000','2023-04-14 17:14:49.961000','2023-04-14 17:14:50.321000','2023-04-14 17:14:50.346000',25,0,NULL,NULL,NULL)
DELETE FROM "system$queuedtask" WHERE "id"=4222124652132052
COMMIT
/*C5*/DELETE FROM "system$session" WHERE "id"=6755399441900676
INSERT INTO "system$session" VALUES(6755399441900676,'fd3c6c4d-137c-47a2-8d63-729733556e14','2de3d829-2fc1-446b-a5a4-e49778a623ea','2023-04-14 17:14:50.620000',FALSE,'2c4d725e-ae75-43e1-9417-7c63fbdc44fb',NULL,'2023-04-14 17:14:47.614000')
COMMIT
/*C2*/DELETE FROM "system$session" WHERE "id"=6755399441900676
INSERT INTO "system$session" VALUES(6755399441900676,'fd3c6c4d-137c-47a2-8d63-729733556e14','2de3d829-2fc1-446b-a5a4-e49778a623ea','2023-04-14 17:14:51.762000',FALSE,'2c4d725e-ae75-43e1-9417-7c63fbdc44fb',NULL,'2023-04-14 17:14:47.614000')
COMMIT
/*C4*/DELETE FROM "system$queuedtask" WHERE "id"=4222124652121370
INSERT INTO "system$queuedtask" VALUES(4222124652121370,7311,'Running','59651013-f9bc-4fc1-b435-276439b07899','System.ScheduledEventsQueue','ScheduledEvent',NULL,NULL,'ClusterManagement-MigrateOldFiles','[]','d7246571-649c-4a30-81fc-1561a9c15f7d',33,'2023-04-14 17:04:23.275000','2023-04-14 17:16:26.005000','2023-04-14 17:16:26.341000',0,NULL,'ClusterManagement-MigrateOldFiles',NULL)
COMMIT
/*C2*/ALTER SEQUENCE PUBLIC."system$queuedtask_sequence_mxseq" RESTART WITH 7327
INSERT INTO "system$queuedtask" VALUES(4222124652132925,7326,'Idle','59651013-f9bc-4fc1-b435-276439b07899','System.ScheduledEventsQueue','ScheduledEvent',NULL,NULL,'ClusterManagement-MigrateOldFiles','[]',NULL,NULL,'2023-04-14 17:16:26.344000','2023-04-14 17:21:26.005000',NULL,0,NULL,'ClusterManagement-MigrateOldFiles',NULL)
INSERT INTO "system$processedqueuetask" VALUES(15762598697269774,7311,'Completed','59651013-f9bc-4fc1-b435-276439b07899','System.ScheduledEventsQueue','ScheduledEvent',NULL,NULL,'ClusterManagement-MigrateOldFiles','[]','d7246571-649c-4a30-81fc-1561a9c15f7d',33,'2023-04-14 17:04:23.275000','2023-04-14 17:16:26.005000','2023-04-14 17:16:26.341000','2023-04-14 17:16:26.345000',4,0,NULL,'ClusterManagement-MigrateOldFiles',NULL)
DELETE FROM "system$queuedtask" WHERE "id"=4222124652121370
COMMIT
